ZPXOCIULKJHGFEDCBA
OIUPLXKJHGFEDZCBCA
OPIUZLKJHGFXEDCCBA
OIUCLKPZJHGXFEDCBA
OIUPLKJHGFXEDCBZCA
OIUZPLXKJCHGFEDCBA
OIPULZKJXHGCFEDCBA
OIULKPJHGFEDCBAXZC
OXIULKPJHZGFEDCCBA
OCIULPKJHGFEDCBAZX
OPZIULKJHGXFEDCBCA
OIULKPJHGFCEZDCBAX
OXIULPCKJHGFEDZCBA
OIUPLKZJHGFEDCCBAX
ZOIPULCKJHXGFEDCBA
PZOICULKJHGXFEDCBA
POIULKCJHGZFEDXCBA
XOIPULKCJZHGFEDCBA
POCIULKJHGFEDCXBAZ
OZPIULKJHGFEXDCBAC
OIULKJPHCGZFEDCXBA
OIPULCKJHGFEDXCBAZ
POIULKJHGFEDXCZCBA
ZPOIULKJCXHGFEDCBA
ZPOCIULKJHGFEDCBAX
OIPULKJXHZGFEDCCBA
OIUPLKJHZGFEDCCBXA
OIXUPLKJHGFEDCCZBA
ZOIULPKCXJHGFEDCBA
XOZICULPKJHGFEDCBA
OZPIULKJHGCFEDXCBA
OIULPKZJHGFEDCBAXC
ZOIUXPLKJHCGFEDCBA
OIPULZKJHGFXEDCBAC
PXOIULKZJHGFEDCCBA
OXZCIULPKJHGFEDCBA
OIUZLKPJHGFEDCXBCA
COIULKZPJHGFEDCBAX
OIUPLKCJZHGFXEDCBA
ZOIPUXLKJHGCFEDCBA
OIULKPJHGFCEDCXZBA
OIULPKJHGFEDCXCZBA
OCIULKJXZPHGFEDCBA
OICXUZLKJPHGFEDCBA
OIUPLKJHGZFEXDCCBA
PCOIUXLKJHGFEDCBAZ
OZCIUPLKJXHGFEDCBA
OPIXULCKJHGZFEDCBA
OIULKXPJHGCFEDZCBA
OPIULKZXJCHGFEDCBA
OIUZCLKPJXHGFEDCBA
OIULKXPJHGFZECDCBA
OIULKJPHGCFZEXDCBA
XOIULKJPHGFEZDCCBA
OZCIULPKJXHGFEDCBA
XOIPULCKJHGFZEDCBA
OPIULKJHXGCFEDZCBA
OPCIULKJHGFEDCBXAZ
OIULKPCJHGZFEDCBAX
POZCIULKJHXGFEDCBA
OIPCUXLKJHZGFEDCBA
POIULKJHGZCFEDCBXA
OIULPKJHXZGFECDCBA
XPOIUCLKZJHGFEDCBA
ZPOIULKJHGFEDCBXAC
OIZULKXJPCHGFEDCBA
OPICULKJHGXFEDCZBA
OPIXULKJHGFEDCCZBA
OIUCPLKJHGFEDCBZAX
XOICULPKJHGFZEDCBA
OIULKPJHGZFXECDCBA
OIULPKJHCGFEDCXZBA
OIUZPLKJHGFEDCCBXA
OPIULZKJHGFEDCCBAX
OIULPKJHGFXEDCBCAZ
OIXZUPLKJHGFECDCBA
XOZIUPLKJHGCFEDCBA
OIULKZJPHGXFEDCCBA
OICULPKJHGFEDXCBAZ
PCOIULKJHGFXEZDCBA
ZOXIULPKCJHGFEDCBA
OIPUCXLKJHGZFEDCBA
OIULPKJHGFEXDCBZAC
OZIXULPKJCHGFEDCBA
OIUPXLKJHGFEDCZBAC
OIPULKZJHGFXECDCBA
ZOPXIULKJHGFEDCCBA
OXPIULKJHZGFECDCBA
OIPULKJHXGFEDCZBCA
OIULKZPJHCGFEDCBAX
OIUPLCKXJZHGFEDCBA
XOCIULKJPHGFZEDCBA
ZCOIULKPJXHGFEDCBA
CXOIPULZKJHGFEDCBA
OXPZIULKJHCGFEDCBA
OIULPKXZJCHGFEDCBA
OIUPZLKCJHGFXEDCBA
POIULKZJHGFCEDXCBA
OIULPKJHGFZEDCCBXA
XOIUPLKZJHGFEDCBCA
POIULKJHCGFEDCXBAZ
OIULKZJPHGCFXEDCBA
POXIULKJHGFECDCBAZ
ZOIULKJPHGFCEDCBXA
OIUXLCPKJHGFZEDCBA
ZOIPULKXJHGCFEDCBA
OIPULKJHCGFEXDCZBA
PCOIULKJZHXGFEDCBA
OIULKJPZXHCGFEDCBA
OIXULPKJHGZCFEDCBA
ZOPIULXKJHGFEDCBCA
OIULKPJHGFEDCZBXCA
OIULKPJZHGFEDCCBAX
OIUPLXKJHCGFEDCBZA
OPIUZCLKJXHGFEDCBA
XOPIZULKJHGFEDCCBA
OIULKPJZXHCGFEDCBA
OICZUPLKJHGFEDCBXA
ZOCPIULKJHGFXEDCBA
OIUPLCZKJHGFEDCBAX
OIULPKXJHCGFEDCBZA
OIPULCKJXHGFEZDCBA
OPIULKJHGFEDCZBXCA
OIUPLCKJHGFEDZCBXA
XOIULPKJHGZFEDCBCA
ZOIULKPJHGFEDCBXCA
OICULPXKJHGFEDCZBA
OIZCUPLKJHGFEDCBXA
POXIULKJHGFEDCZBCA
OIPULKXJZCHGFEDCBA
OIULKPXCJHGZFEDCBA
POIZULKJHGFEXDCCBA
OICUPLKXJZHGFEDCBA
OIULPKZJHGFEDCBCAX
OIPULKJHGFXEDCZCBA
POIXULKJHCGFEZDCBA
OICULKZJPHGFXEDCBA
OIZUCLKJPHGFXEDCBA
OIUPLKCJHGFZEDCXBA
XOIPULZKJHGFEDCCBA
OIZUPLKJXHGFCEDCBA
OIXPULKJHZCGFEDCBA
OIULKPJHGFZXEDCCBA
OZIPULKJHGFEDCCBXA
ZOIUCPLKJHGFEDCXBA
OXPIULKJHGFEDCZBCA
OIULXKCJPHGZFEDCBA
OCPIULKJHGFEDCBAXZ
OIXULPKJHGCFEDCBAZ
OIUPLKJHGFECDXZCBA
OPIUZLKJHGFEDCCBAX
OZIULKPJXHGFEDCCBA
OCIULKPJHGZFEDCBXA
OIPULKJHGXFZEDCCBA
OIUPLZKJHGXFEDCCBA
OIULKXPCJHGFEDCBAZ
POZIULKJHGFEDCBXAC
OIULKJPHXGCFZEDCBA
OIUPLCXKJHGFEDCZBA
POIULZXKJHGFEDCBCA
OIUCPLKJHZGFEDCBXA
OPIUCZLKJHGFEDXCBA
OIULXKPJHGFCZEDCBA
OXIUZLPKJHGFEDCBCA
OCIULPKZXJHGFEDCBA
OPCIXULZKJHGFEDCBA
COIUXLKPJHGFZEDCBA
POIXULKJCHGFEDCZBA
PCOIULKJHGFEZDXCBA
OIULPKJHGXFEDCCBAZ
OZIPULKJHGXFCEDCBA
OCIULZKJPHGFEDXCBA
OPIULKJHGFXEDCCBZA
XOICPUZLKJHGFEDCBA
XPOIUCLKJHGFEDCBAZ
OIULPKJHCXGFEDCBZA
OIULKCPXJHGZFEDCBA
OIULPKJHGFEZDXCCBA
ZOIUXLPKJHGCFEDCBA
XZOCIULKPJHGFEDCBA
COXPIULKJHGFEZDCBA
POIULKJXHGFEDCBAZC
ZPXOIULKJHGFEDCBCA
CPOIULKZJHXGFEDCBA
OIULKXPZJHGCFEDCBA
OCIULKXPJHGFEZDCBA
OPIULCKZJHXGFEDCBA
POIULKXCJHGFEDZCBA
COIUPXLKJHGFEZDCBA
PZOIULKJXHGFEDCBCA
PCOIXULKJHGFEDZCBA
ZOIUPLCKJHGFXEDCBA
ZOIULCKPJHXGFEDCBA
COIULPKJHXGZFEDCBA
OIUXCPLKJHGFZEDCBA
POIULKJZCHGFEDCBXA
OIPULKJHGFEDXCBZAC
OPIULZKJHGCXFEDCBA
OIULPKCJHGXFZEDCBA
OXPIULKJHCGFEDCBAZ
OIPULKJHGFEDXCBZCA
OCPIULKJHZGFEDCBXA
OIUPLKJHGFEDCZXBCA
XOIUPLKJCHGZFEDCBA
OIUZLXPCKJHGFEDCBA
OZXPIULKJHCGFEDCBA
OIUPLZKJHGFECDCBAX
OCIXULKJPZHGFEDCBA
OIULPKJHXCGFZEDCBA
XOIUZLKJCPHGFEDCBA
OPIUZXLKJHGFECDCBA
OIPZULKJHCGFEDCBAX
OXPIZULKJHGCFEDCBA
OIULKJPHGXCFZEDCBA
ZOIUPLKJHGFECDCBAX
OIULKJPHGFZEDCCXBA
POIULKJXCHGFZEDCBA
COIZULPKJHGFEDCBAX
PXOIULKJHGFZEDCCBA
OIPULKJHGFEDCBCXZA
OIUZLKJPHGFECXDCBA
POCIXULZKJHGFEDCBA
OIULKPJHGCFEDCXBAZ
XOPIULKJHGFEDCBACZ
OPIULXKJHZGFECDCBA
OIZULXKPJHGFEDCBAC
OIPULKJHGFECZDCBAX
OPIULZKJHGXCFEDCBA
OIUZXCLPKJHGFEDCBA
ZOIULPKJHGFXECDCBA
ZCOIUPLXKJHGFEDCBA
OZIUPLKJHGFEDCBXCA
XZOICULPKJHGFEDCBA
OIUZLPKCJHGFEDCBAX
COIULKPJHGXFEZDCBA
OIULKPJHZGFECXDCBA
OIZULCPKJHGFEDCBXA
OIUXLCPKJHGFEDCZBA
OIUPLKJHGXFEDZCCBA
OIXPULKJHZGFEDCCBA
OPIZULKCJHGFEXDCBA
XOIUCLPKJHGFEDCBAZ
OIUPLKJXHCGFEZDCBA
ZOIULKJPHGCFEDCBXA
XCOPIULKJHGFZEDCBA
OPIXUZLKJHGFEDCBCA
ZOIULPKJHGFEXDCCBA
OIULPKJHGCFZEDXCBA
OIUCPLKJHGFXEDCBZA
OIPULZKJCHGXFEDCBA
OCIUPZLKJHGFEDCBAX
POIULCKJHZGXFEDCBA
OIULPXKCJHGFEDCBAZ
OZCIULPKJHXGFEDCBA
OIZULCPKXJHGFEDCBA
XCOIULPKJHGFZEDCBA
OIXULKPZJCHGFEDCBA
POIULKJCHGFEDCBAZX
OIUPLKJHGFCEXDCZBA
OIULKPJHGFCEDZCBXA
OZIULKCJPHGXFEDCBA
OZIULPKJHGFEDXCBAC
OIULPKJHGFECDCZBXA
POIUZLKJHGXCFEDCBA
OIULPKJZXHCGFEDCBA
OIULKJPHZXGCFEDCBA
OZIPULKCJHGFEXDCBA
OICUPLKJHGFEDZCBAX
ZOIPULKJHGFECXDCBA
OPZIULKJHGCXFEDCBA
POIULKJHGFCXEZDCBA
XOIULKPJHGFEDCZBAC
OIXULKPJHCGFEZDCBA
OIULPKJHGFEXDCBACZ
ZOPIULKJHXGFEDCBCA
XCOIPZULKJHGFEDCBA
POIULKJCHXZGFEDCBA
POIXULKCJHZGFEDCBA
OIULZPKJHGXFEDCCBA
OIULKPJZHGFECDXCBA
ACEDFB
DBAFCE
ECFADB
CFDABE
CBAEDF
ACFDEB
ABEFDC
DEACFB
DCABFE
BECDFA
CDFAEB
ECFADB
DAECBF
FABDCE
CEFABD
AFDBEC
ACDEBF
ABCFED
EDACBF
EDABCF
DACBFE
BFADCE
FBCDAE
EAFCBD
EADCBF
CEABFD
AECFDB
ABFDCE
BCFAED
FDBCEA
AFCEBD
ECDBFA
CBDFAE
DBCFAE
FBEDAC
BDEFCA
CDFABE
CEDFBA
CFBEAD
EFBDAC
BCEDAF
FDBECA
CEFDAB
EFABCD
FBCEDA
EDFBCA
CDAEFB
BCEADF
BDECFA
EDFBAC
EABCFD
CDABEF
BCEDAF
FDACEB
CBDAFE
BDFECA
FBAEDC
EDFACB
DCEBAF
EDCBAF
ABECDF
ACDFEB
EFBCDA
ACEFBD
BECDFA
ABCEDF
DCABEF
ECDBAF
ABECDF
BACFDE
BCDFEA
FECBAD
EACFBD
AFCEBD
FEDACB
ADCBFE
EDBFCA
ECDFBA
AEDFBC
ABCDFE
DFEACB
DBAFEC
BACFDE
DECABF
DACFBE
DCBAFE
EBACDF
EDFACB
AEBFDC
ACEDFB
BCEDAF
AEBFDC
CDABFE
CEABFD
BCDFAE
DCAFEB
DBCFAE
DABECF
EDCBFA
FBADEC
CEDBFA
ADCFEB
ADBECF
FEBCDA
CBEADF
DFCBEA
AEDCFB
CBDFAE
EFABDC
FACBED
DFAECB
AEFDBC
AEFCBD
EFABCD
BDFACE
AEBDCF
FBEDAC
BDCFAE
BFEADC
EDBACF
FCABED
EACDBF
BAFDEC
FDACBE
DEFABC
BDEFAC
BFECAD
AEFCDB
FDCEAB
CDFABE
CFABDE
DFAECB
EDBAFC
CEABDF
CEBAFD
EFDACB
BCDFAE
CDFAEB
CBDEFA
EFDACB
EFDACB
ECDFBA
BCFDEA
BCFEDA
DFCEAB
CDBEFA
ACFDEB
DBCFEA
AEFDBC
FBDEAC
CFBDAE
ABDCEF
CAFDEB
CEFADB
EFCBDA
EFABCD
FEACBD
BADCEF
FBCADE
AECDFB
EDBFAC
ADFECB
DBCAEF
BEACFD
CBFEDA
BDAEFC
DFBCEA
AFBCDE
ADCFEB
FABCDE
DAFBEC
ABDEFC
DFABEC
ECBFDA
FBEADC
BAEFCD
FCEBDA
FCBADE
BACFED
EFDBAC
CDBFAE
DEFBAC
BDFACE
BAFECD
BCDAEF
CFBDEA
FAEDBC
EFCBDA
CDFBAE
EDAFCB
BACFDE
CEADFB
CFADBE
FDEBCA
BCDEFA
EABDCF
DAFCBE
CDEAFB
ABFEDC
EFCBDA
AEBDCF
DACEFB
EDCFBA
EDFABC
DCEFBA
CDBEAF
CEABDF
EFCDAB
AECBDF
BCDEAF
BFECDA
CEDAFB
CDAEFB
EFACDB
EDFBCA
CBDFEA
DEBCAF
FBDEAC
CEBAFD
CFBDEA
EAFCDB
BADCFE
CFAEDB
EBCDFA
AFBECD
DBECAF
BDFCEA
DEFACB
FADEBC
BEADCF
EDBFAC
DEABFC
FBCAED
DACEBF
DAFBCE
FDBECA
DFAEBC
EAFBDC
FAEDBC
DEBFCA
DAEBCF
FCDAEB
EFBCAD
EBDFAC
CFAEDB
DCBAFE
EFABDC
CABDFE
CEBADF
AEBDFC
DFBCEA
DACEFB
DEABFC
BEDCFA
FABCED
FECBDA
BCDEAF
CAEBFD
EBAFCD
FDACEB
CEDFBA
CBEDFA
DCFEBA
ABECFD
ADBCFE
CDFBEA
CBEADF
ACFEBD
AFECBD
EFADBC
EBAFDC
DACBEF
CBEDFA
ECBDFA
DFECAB
DBCEAF
EBCFDA
ABFECD
FACBDE
FDCAEB
DAECFB
FBCDEA
CBEFDA
AEDCFB
AEFDBC
CFDEBA
CFDBAE
DCEBAF
CEAFBD
AEBDFC
FCDBEA
DFEBAC
DABCEF
EBACDF
CAEFDB
BCADFE
CEBFDA
BEDFAC
EABDCF
BDAECF
FAEDCB
FDCAEB
AEBFCD
BDCEFA
BDFECA
DCABFE
AFECDB
AEBFDC
FEBCDA
FCBDEA
CADEBF
BFADEC
BECFDA
CEFBAD
EABFCD
DAECFB
FBACED
ABFDEC
CDBAEF
EFADCB
ABDFEC
DCBFEA
DCABEF
ABECDF
AECFDB
AEDCFB
FBEACD
AFCDBE
EBCFDA
BCDAEF
ECBFDA
CDBAFE
CDFBAE
ECBFAD
FADBEC
BFACED
ADFBCE
CAFBDE
BCFEDA
AFECBD
DACBFE
AECDFB
CBDFEA
CFABED
CABEFD
ECAFBD
FDCBEA
BDACEF
ABCEDF
CDBFAE
DCAFBE
BEACFD
BFDECA
ADEBFC
EBFCAD
FACBDE
BFCADE
BCAEFD
BEAFDC
CDAFBE
BDFCAE
CFDABE
FAEBDC
FEABDC
EBDFCA
EDABFC
ACFDEB
DEAFBC
BFDACE
EFADCB
ABCEDF
CDAEFB
BECDFA
CFEDBA
EAFCBD
ADCFEB
AFCDBE
BFAECD
DCBAEF
ECADBF
ECDFBA
EDCFBA
FDEABC
ACDFBE
DFABCE
ECFBDA
CDAEBF
CADEFB
EBACFD
CBEAFD
DCEAFB
ECDAFB
DCBAFE
ADFEBC
DCAEBF
BFCEAD
FABECD
CDABEF
EFCABD
FBCAED
EDBAFC
AFBCDE
BFADCE
DABECF
AEFBCD
AEBCFD
BDCEFA
BCFADE
FCDABE
EBAFCD
CDAEFB
BEFADC
DCFBAE
FECDBA
BEDACF
FBCDEA
FACBED
AFCEDB
BFADEC
DAEBCF
DAFCBE
CABFED
DABCFE
CABDFE
AEBCDF
CEDFBA
BAFCDE
ECABDF
AEFDCB
CDBEAF
BEFDCA
DACEFB
BEADCF
BEADCF
ADBCFE
BFCDEA
BACFDE
FEACDB
FECBAD
EBCAFD
DABFCE
FBEADC
FCDAEB
EDCFBA
DCFAEB
EBCAFD
ECBFAD
AECFBD
DCBAFE
FEABCD
FADBEC
FCEBAD
EBFADC
FDEABC
BEFCDA
CEADBF
EDABCF
AEBFDC
CBFDAE
AFCDEB
ACDFEB
DFBAEC
EADBCF
ACBEFD
EFDBAC
ADBEFC
BAFDCE
FEDBCA
ACEBDF
BDEFAC
BFDCEA
CBDFEA
AEBCDF
EADCFB
BDCEFA
EBFDAC
FBCDEA
CABFED
BCEADF
BCDEAF
FBCEAD
FABDEC
FCABDE
EAFCBD
FECABD
BCDFEA
BEAFCD
AEDFCB
EDFCBA
FADEBC
ECBFDA
BDAFEC
BAEFDC
AFEDCB
DCBFAE
EADFBC
CBAFED
ADEFBC
CDBAFE
DFCAEB
CDBFAE
DAFCBE
EFDCBA
FBACDE
DFBCAE
ADECFB
DFEABC
EBACDF
BEADCF
BAEFDC
ECFDAB
AEBFCD
CAFDBE
ABDCEF
DCEBAF
ACEFBD
AEDCFB
FDCABE
DCFBAE
DCABEF
BCDAEF
FACBDE
DECFBA
DACFEB
CFDEBA
AEFCDB
CABDEF
ECDFAB
FCDAEB
FDEABC
ECABDF
FCABDE
ADCEFB
DEBACF
DAEBCF
FADCBE
EDBACF
BEDAFC
BFDCAE
CFBADE
BDECFA
ABCDFE
BCEDAF
EDFBCA
FACDEB
DBCFEA
ADBCEF
DBACEF
DBCEAF
DEFABC
BEDFAC
FBCEDA
BAEDCF
ACEDBF
BCAFDE
EBCDAF
FBECAD
EADBCF
AFBDEC
EBCADF
CAEDBF
DEBAFC
DABCFE
ADCFEB
FABECD
BDCEAF
BAEFDC
FEBADC
ADCFEB
BCEFAD
FBADCE
FBDECA
DBCEFA
ACEFDB
BDAECF
EADFBC
CBEFAD
CFDAEB
FBCDAE
ADFCBE
FBCDAE
ACDBFE
BECDAF
AECBFD
FBCEAD
BCDFAE
DAFEBC
EDCFBA
CBEDAF
FDBAEC
DAFCBE
CABEDF
BEFADC
CDBFEA
EDFABC
CDEAFB
CAFDEB
CDFBEA
BAECFD
ACEDFB
DBCFAE
BEFADC
CDBAEF
DFEABC
CEADBF
FBCADE
BACDEF
BDFCEA
FCDAEB
EBDAFC
DBEAFC
EFDCAB
BACFDE
EDFBCA
FDECAB
CEBDFA
CBDFEA
BCAFED
EFDACB
ABEDFC
DECFAB
CFAEDB
ACFDEB
ABFEDC
EFCDAB
CDFBAE
FBACDE
CFAEDB
BCEFAD
DABEFC
EBFDAC
CEBDFA
DBAFEC
DBAFCE
BDCFAE
CADFEB
BAFEDC
CDEABF
AFECDB
DBFECA
BCADEF
CBEDAF
BCDAFE
EFACDB
CAFEBD
BFDCEA
BDFAEC
AEDBCF
CFEABD
CAEFBD
DEBAFC
ACEBDF
BACEDF
EDCFBA
FCBEDA
ECDFBA
ECFADB
DCBAFE
CDBFAE
BEDFAC
EFBDAC
BFEADC
FAEBCD
BACEFD
CEDBFA
EDABFC
EBADFC
EBDCFA
ADFBEC
CADFBE
ABDECF
EFADCB
FBCEAD
AEDCBF
FEABCD
DFBAEC
CADBFE
DFBEAC
AFBCDE
CDBFEA
CBDAEF
BCFADE
ADECFB
EAFBDC
FEDCBA
FCEBDA
EBCFDA
CBEAFD
ECDAFB
ACDBEF
FBEDCA
EADBFC
ABDECF
FADBEC
BEDAFC
ECAFBD
DCBFAE
AEBFDC
DBAECF
ABFCED
DCBEAF
CADEFB
BFAECD
BFACED
AFEDCB
EADCBF
BCEDFA
AFCBDE
CADEBF
FAEDBC
EBFADC
DFEACB
ADFCEB
CAFEDB
ECADFB
FDECAB
BACDEF
AEFDCB
DCBFEA
ABCEFD
ABCDEF
