PASS
PASS
BID D
PASS
BID D
PASS
PASS
PASS
PASS
PASS
PASS
PASS
BID C
PASS
PASS
PASS
PASS
PASS
PASS
PASS
PASS
PASS
BID H
PASS
BID D
PASS
BID NO-TRUMP
BID H
PASS
BID S
PASS
PASS
PASS
PASS
PASS
BID H
PASS
PASS
PASS
PASS
PASS
PASS
PASS
PASS
PASS
PASS
BID D
PASS
BID NO-TRUMP
PASS
PASS
BID S
PASS
PASS
PASS
PASS
PASS
PASS
PASS
PASS
PASS
PASS
BID D
PASS
PASS
BID S
PASS
BID S
PASS
PASS
PASS
PASS
BID H
PASS
PASS
PASS
PASS
BID S
PASS
PASS
PASS
PASS
PASS
PASS
PASS
PASS
PASS
PASS
PASS
PASS
PASS
PASS
BID D
PASS
PASS
BID S
PASS
BID D
BID H
PASS
