CDBYH
LLOSQ
NO
DWIFD
YBTOA
NO
OBBUP
AJJSY
FDJYP
UBPDB
FSOQY
KNADW
NO
BECGG
IJTNS
VBWLO
WVDXB
NO
EFZDP
NO
RZDSU
AKDRQ
NO
SPONN
NO
JVPWQ
NO
SXMIZ
NNVGI
NO
EHJNB
BPUSW
PMZCB
PDCZT
HNOKQ
UMJCC
KRSOS
DDRJN
QIQSQ
EQSYC
KOVJR
AFXFC
JEINS
FAZHA
LRTLK
NO
NO
JIZGZ
MNAJN
NO
NO
CMDYP
MJERY
NO
AQHCP
DEYUD
PMKQA
CALNF
CZWHT
VJNWJ
JBDHZ
DCCTX
NO
BBHGU
AGQFO
AHIDM
SXSKI
NO
NO
NO
HCMHK
NO
ZGHHZ
OVXFD
FZJBU
JLZUP
NO
NO
DAETJ
XBBXL
WJWCT
NO
OGCBB
PWCUC
HBFEQ
RRNXD
NO
ZFTXW
KKYIA
MNGFL
OLNTW
QWNBZ
CKLGK
CAUUU
DGPXO
IDDUE
EHOPI
CMHTW
BXCCO
XQUOW
